[debug] [2020-04-09T00:36:29.582Z] ----------------------------------------------------------------------
[debug] [2020-04-09T00:36:29.584Z] Command:       /Users/Mackenzieabele/.nvm/versions/node/v12.1.0/bin/node /Users/Mackenzieabele/.nvm/versions/node/v12.1.0/bin/firebase init
[debug] [2020-04-09T00:36:29.585Z] CLI Version:   8.0.2
[debug] [2020-04-09T00:36:29.585Z] Platform:      darwin
[debug] [2020-04-09T00:36:29.585Z] Node Version:  v12.1.0
[debug] [2020-04-09T00:36:29.588Z] Time:          Wed Apr 08 2020 20:36:29 GMT-0400 (Eastern Daylight Time)
[debug] [2020-04-09T00:36:29.588Z] ----------------------------------------------------------------------
[debug] [2020-04-09T00:36:29.589Z] 
[debug] [2020-04-09T00:36:29.614Z] > command requires scopes: ["email","openid","https://www.googleapis.com/auth/cloudplatformprojects.readonly","https://www.googleapis.com/auth/firebase","https://www.googleapis.com/auth/cloud-platform"]
[debug] [2020-04-09T00:36:29.615Z] > authorizing via signed-in user
[info] 
     ######## #### ########  ######## ########     ###     ######  ########
     ##        ##  ##     ## ##       ##     ##  ##   ##  ##       ##
     ######    ##  ########  ######   ########  #########  ######  ######
     ##        ##  ##    ##  ##       ##     ## ##     ##       ## ##
     ##       #### ##     ## ######## ########  ##     ##  ######  ########

You're about to initialize a Firebase project in this directory:

  /Users/Mackenzieabele/Desktop/dad_project/recipes

Before we get started, keep in mind:

  * You are initializing in an existing Firebase project directory

